<?xml version='1.0'?>
<ns2:test-suite xmlns:ns2='urn:model.allure.qatools.yandex.ru' start='1641561677489' stop='1641561734519'>
    <name>buy an item</name>
    <title>buy an item</title>
    <test-cases>
        <test-case start='1641561677510' status='passed' stop='1641561701874'>
            <name>As a user I want to add an item to the cart (example #1)</name>
            <title>As a user I want to add an item to the cart (example #1)</title>
            <labels/>
            <parameters/>
            <steps/>
            <attachments/>
        </test-case>
        <test-case start='1641561701876' status='failed' stop='1641561734442'>
            <name>As a user I want to pass the order</name>
            <title>As a user I want to pass the order</title>
            <labels/>
            <parameters/>
            <steps/>
            <attachments/>
            <failure>
                <message>Timed out retrying after 10000ms: expected 'https://rahulshettyacademy.com/seleniumPractise/#/' to include 'cart'</message>
                <stack-trace>AssertionError: Timed out retrying after 10000ms: expected 'https://rahulshettyacademy.com/seleniumPractise/#/' to include 'cart'
                    at Context.eval (https://rahulshettyacademy.com/__cypress/tests?p=src\test\features\buyItem.feature:41771:12)
                    at Context.resolveAndRunStepDefinition (https://rahulshettyacademy.com/__cypress/tests?p=src\test\features\buyItem.feature:12244:29)
                    at Context.eval (https://rahulshettyacademy.com/__cypress/tests?p=src\test\features\buyItem.feature:11565:35)</stack-trace>
            </failure>
        </test-case>
    </test-cases>
</ns2:test-suite>