<?xml version='1.0'?>
<ns2:test-suite xmlns:ns2='urn:model.allure.qatools.yandex.ru' start='1641563803904' stop='1641563853262'>
    <name>buy an item</name>
    <title>buy an item</title>
    <test-cases>
        <test-case start='1641563803936' status='passed' stop='1641563821344'>
            <name>As a user I want to add an item to the cart (example #1)</name>
            <title>As a user I want to add an item to the cart (example #1)</title>
            <labels/>
            <parameters/>
            <steps/>
            <attachments/>
        </test-case>
        <test-case start='1641563821345' status='failed' stop='1641563853173'>
            <name>As a user I want to pass the order</name>
            <title>As a user I want to pass the order</title>
            <labels/>
            <parameters/>
            <steps/>
            <attachments/>
            <failure>
                <message>Timed out retrying after 10000ms: expected '&lt;strong>' not to contain '0'</message>
                <stack-trace>AssertionError: Timed out retrying after 10000ms: expected '&lt;strong>' not to contain '0'
                    at Context.eval (https://rahulshettyacademy.com/__cypress/tests?p=src\test\features\buyItem.feature:41769:52)
                    at Context.resolveAndRunStepDefinition (https://rahulshettyacademy.com/__cypress/tests?p=src\test\features\buyItem.feature:12244:29)
                    at Context.eval (https://rahulshettyacademy.com/__cypress/tests?p=src\test\features\buyItem.feature:11565:35)</stack-trace>
            </failure>
        </test-case>
    </test-cases>
</ns2:test-suite>