<?xml version='1.0'?>
<ns2:test-suite xmlns:ns2='urn:model.allure.qatools.yandex.ru' start='1641563087223' stop='1641563119368'>
    <name>buy an item</name>
    <title>buy an item</title>
    <test-cases>
        <test-case start='1641563087244' status='skipped' stop='1641563087604'>
            <name>As a user I want to add an item to the cart (example #1)</name>
            <title>As a user I want to add an item to the cart (example #1)</title>
            <labels/>
            <parameters/>
            <steps/>
            <attachments/>
        </test-case>
        <test-case start='1641563087614' status='failed' stop='1641563119225'>
            <name>As a user I want to pass the order</name>
            <title>As a user I want to pass the order</title>
            <labels/>
            <parameters/>
            <steps/>
            <attachments/>
            <failure>
                <message>Timed out retrying after 10000ms: Expected to find element: `:nth-child(1) > :nth-child(3) > strong`, but never found it.</message>
                <stack-trace>AssertionError: Timed out retrying after 10000ms: Expected to find element: `:nth-child(1) > :nth-child(3) > strong`, but never found it.
                    at Context.eval (https://rahulshettyacademy.com/__cypress/tests?p=src\test\features\buyItem.feature:41771:52)
                    at Context.resolveAndRunStepDefinition (https://rahulshettyacademy.com/__cypress/tests?p=src\test\features\buyItem.feature:12244:29)
                    at Context.eval (https://rahulshettyacademy.com/__cypress/tests?p=src\test\features\buyItem.feature:11565:35)</stack-trace>
            </failure>
        </test-case>
    </test-cases>
</ns2:test-suite>